0 info it worked if it ends with ok
1 verbose cli [ 'C:\\Program Files\\nodejs\\node.exe',
1 verbose cli   'C:\\Program Files\\nodejs\\node_modules\\npm\\bin\\npm-cli.js',
1 verbose cli   'install',
1 verbose cli   'angular-material',
1 verbose cli   '--save' ]
2 info using npm@2.14.12
3 info using node@v4.3.0
4 verbose install initial load of C:\Users\alok\frickApp\package.json
5 warn package.json frickapp@0.0.0 No repository field.
6 verbose installManyTop reading scoped package data from C:\Users\alok\frickApp\node_modules\angular\package.json
7 verbose installManyTop reading scoped package data from C:\Users\alok\frickApp\node_modules\angular-socket-io\package.json
8 verbose installManyTop reading scoped package data from C:\Users\alok\frickApp\node_modules\angular-storage\package.json
9 verbose installManyTop reading scoped package data from C:\Users\alok\frickApp\node_modules\auth0-angular\package.json
10 verbose installManyTop reading scoped package data from C:\Users\alok\frickApp\node_modules\body-parser\package.json
11 verbose installManyTop reading scoped package data from C:\Users\alok\frickApp\node_modules\bower\package.json
12 verbose installManyTop reading scoped package data from C:\Users\alok\frickApp\node_modules\dotenv\package.json
13 verbose installManyTop reading scoped package data from C:\Users\alok\frickApp\node_modules\double-ended-queue\package.json
14 verbose installManyTop reading scoped package data from C:\Users\alok\frickApp\node_modules\express\package.json
15 verbose installManyTop reading scoped package data from C:\Users\alok\frickApp\node_modules\express-restify-mongoose\package.json
16 verbose installManyTop reading scoped package data from C:\Users\alok\frickApp\node_modules\express-validator\package.json
17 verbose installManyTop reading scoped package data from C:\Users\alok\frickApp\node_modules\jade\package.json
18 verbose installManyTop reading scoped package data from C:\Users\alok\frickApp\node_modules\jsonwebtoken\package.json
19 verbose installManyTop reading scoped package data from C:\Users\alok\frickApp\node_modules\jws\package.json
20 verbose installManyTop reading scoped package data from C:\Users\alok\frickApp\node_modules\jwt-decode\package.json
21 verbose installManyTop reading scoped package data from C:\Users\alok\frickApp\node_modules\jwt-simple\package.json
22 verbose installManyTop reading scoped package data from C:\Users\alok\frickApp\node_modules\method-override\package.json
23 verbose installManyTop reading scoped package data from C:\Users\alok\frickApp\node_modules\mongoose\package.json
24 verbose installManyTop reading scoped package data from C:\Users\alok\frickApp\node_modules\ms\package.json
25 verbose installManyTop reading scoped package data from C:\Users\alok\frickApp\node_modules\object-keys\package.json
26 verbose installManyTop reading scoped package data from C:\Users\alok\frickApp\node_modules\redis\package.json
27 verbose installManyTop reading scoped package data from C:\Users\alok\frickApp\node_modules\redis-commands\package.json
28 verbose installManyTop reading scoped package data from C:\Users\alok\frickApp\node_modules\server\package.json
29 verbose installManyTop reading scoped package data from C:\Users\alok\frickApp\node_modules\socket.io\package.json
30 verbose installManyTop reading scoped package data from C:\Users\alok\frickApp\node_modules\socketio-jwt\package.json
31 verbose installManyTop reading scoped package data from C:\Users\alok\frickApp\node_modules\uninstall\package.json
32 verbose installManyTop reading scoped package data from C:\Users\alok\frickApp\node_modules\xtend\package.json
33 info package.json angular-socket-io@0.7.0 No repository field.
34 info package.json angular-storage@0.0.13 No license field.
35 info package.json auth0-angular@4.1.0 No license field.
36 info package.json ms@0.7.1 No license field.
37 info package.json server@0.0.3 license should be a valid SPDX license expression
38 info package.json uninstall@0.0.0-reserved No repository field.
39 info package.json uninstall@0.0.0-reserved No README data
40 verbose readDependencies loading dependencies from C:\Users\alok\frickApp\package.json
41 silly cache add args [ 'angular-material', null ]
42 verbose cache add spec angular-material
43 silly cache add parsed spec Result {
43 silly cache add   raw: 'angular-material',
43 silly cache add   scope: null,
43 silly cache add   name: 'angular-material',
43 silly cache add   rawSpec: '',
43 silly cache add   spec: 'latest',
43 silly cache add   type: 'tag' }
44 silly addNamed angular-material@latest
45 verbose addNamed "latest" is being treated as a dist-tag for angular-material
46 info addNameTag [ 'angular-material', 'latest' ]
47 silly mapToRegistry name angular-material
48 silly mapToRegistry using default registry
49 silly mapToRegistry registry https://registry.npmjs.org/
50 silly mapToRegistry uri https://registry.npmjs.org/angular-material
51 verbose addNameTag registry:https://registry.npmjs.org/angular-material not in flight; fetching
52 verbose request uri https://registry.npmjs.org/angular-material
53 verbose request no auth needed
54 info attempt registry request try #1 at 1:49:45 PM
55 verbose request id 0412d751c3957b82
56 http request GET https://registry.npmjs.org/angular-material
57 info retry will retry, error on last attempt: Error: getaddrinfo ENOENT registry.npmjs.org:443
58 info attempt registry request try #2 at 1:49:55 PM
59 http request GET https://registry.npmjs.org/angular-material
60 info retry will retry, error on last attempt: Error: getaddrinfo ENOENT registry.npmjs.org:443
61 info attempt registry request try #3 at 1:50:55 PM
62 http request GET https://registry.npmjs.org/angular-material
63 verbose stack Error: getaddrinfo ENOENT registry.npmjs.org:443
63 verbose stack     at Object.exports._errnoException (util.js:870:11)
63 verbose stack     at errnoException (dns.js:31:15)
63 verbose stack     at GetAddrInfoReqWrap.onlookup [as oncomplete] (dns.js:77:26)
64 verbose cwd C:\Users\alok\frickApp
65 error Windows_NT 6.3.9600
66 error argv "C:\\Program Files\\nodejs\\node.exe" "C:\\Program Files\\nodejs\\node_modules\\npm\\bin\\npm-cli.js" "install" "angular-material" "--save"
67 error node v4.3.0
68 error npm  v2.14.12
69 error code ENOENT
70 error errno ENOENT
71 error syscall getaddrinfo
72 error enoent getaddrinfo ENOENT registry.npmjs.org:443
72 error enoent This is most likely not a problem with npm itself
72 error enoent and is related to npm not being able to find a file.
73 verbose exit [ 1, true ]
